INFO: [VRFC 10-2263] Analyzing Verilog file "C:/Users/adiso/OneDrive/Desktop/Workspace/Karatsuba_Multiplier/Karatsuba_Multiplier.srcs/sources_1/new/km_1.v" into library xil_defaultlib
INFO: [VRFC 10-311] analyzing module km_1
INFO: [VRFC 10-2263] Analyzing Verilog file "C:/Users/adiso/OneDrive/Desktop/Workspace/Karatsuba_Multiplier/Karatsuba_Multiplier.srcs/sources_1/new/km_10.v" into library xil_defaultlib
INFO: [VRFC 10-311] analyzing module km_10
INFO: [VRFC 10-2263] Analyzing Verilog file "C:/Users/adiso/OneDrive/Desktop/Workspace/Karatsuba_Multiplier/Karatsuba_Multiplier.srcs/sources_1/new/km_2.v" into library xil_defaultlib
INFO: [VRFC 10-311] analyzing module km_2
INFO: [VRFC 10-2263] Analyzing Verilog file "C:/Users/adiso/OneDrive/Desktop/Workspace/Karatsuba_Multiplier/Karatsuba_Multiplier.srcs/sources_1/new/km_20.v" into library xil_defaultlib
INFO: [VRFC 10-311] analyzing module km_20
INFO: [VRFC 10-2263] Analyzing Verilog file "C:/Users/adiso/OneDrive/Desktop/Workspace/Karatsuba_Multiplier/Karatsuba_Multiplier.srcs/sources_1/new/km_40.v" into library xil_defaultlib
INFO: [VRFC 10-311] analyzing module km_40
INFO: [VRFC 10-2263] Analyzing Verilog file "C:/Users/adiso/OneDrive/Desktop/Workspace/Karatsuba_Multiplier/Karatsuba_Multiplier.srcs/sources_1/new/km_5.v" into library xil_defaultlib
INFO: [VRFC 10-311] analyzing module km_5
INFO: [VRFC 10-2263] Analyzing Verilog file "C:/Users/adiso/OneDrive/Desktop/Workspace/Karatsuba_Multiplier/Karatsuba_Multiplier.srcs/sources_1/new/km_81.v" into library xil_defaultlib
INFO: [VRFC 10-311] analyzing module km_81
INFO: [VRFC 10-2263] Analyzing Verilog file "C:/Users/adiso/OneDrive/Desktop/Workspace/Karatsuba_Multiplier/Karatsuba_Multiplier.srcs/sources_1/new/multiplier.v" into library xil_defaultlib
INFO: [VRFC 10-311] analyzing module multiplier
INFO: [VRFC 10-2263] Analyzing Verilog file "C:/Users/adiso/OneDrive/Desktop/Workspace/Karatsuba_Multiplier/Karatsuba_Multiplier.srcs/sources_1/new/multiplier_tb.v" into library xil_defaultlib
INFO: [VRFC 10-311] analyzing module multiplier_tb
INFO: [VRFC 10-2263] Analyzing Verilog file "C:/Users/adiso/OneDrive/Desktop/Workspace/Karatsuba_Multiplier/Karatsuba_Multiplier.sim/sim_1/behav/xsim/glbl.v" into library xil_defaultlib
INFO: [VRFC 10-311] analyzing module glbl
